09:37:55 **** Incremental Build of configuration Debug for project it-1 ****
make all 
Building file: ../itmain.c
Invoking: AVR Compiler
avr-gcc -Wall -g2 -gstabs -O0 -fpack-struct -fshort-enums -ffunction-sections -fdata-sections -std=gnu99 -funsigned-char -funsigned-bitfields -mmcu=atmega88a -DF_CPU=2000000UL -MMD -MP -MF"itmain.d" -MT"itmain.o" -c -o "itmain.o" "../itmain.c"
../itmain.c: In function ‘itsingle’:
../itmain.c:30:2: error: ‘TESTPORT’ undeclared (first use in this function)
  TESTPORT = 0;
  ^
../itmain.c:30:2: note: each undeclared identifier is reported only once for each function it appears in
../itmain.c: In function ‘itmain’:
../itmain.c:65:2: error: ‘TESTDDR’ undeclared (first use in this function)
  TESTDDR = 0;
  ^
../itmain.c:72:4: error: ‘TESTPORT’ undeclared (first use in this function)
    TESTPORT = b;
    ^
../itmain.c:83:23: warning: variable ‘c’ set but not used [-Wunused-but-set-variable]
  static volatile char c = 123;
                       ^
make: *** [subdir.mk:26: itmain.o] Error 1
"make all" terminated with exit code 2. Build might be incomplete.

09:37:55 Build Failed. 4 errors, 1 warnings. (took 110ms)

